mode: set
github.com/divisive-ai/vibethis/server/container/pkg/shai/mounts.go:19.82,21.47 1 1
github.com/divisive-ai/vibethis/server/container/pkg/shai/mounts.go:21.47,23.3 1 1
github.com/divisive-ai/vibethis/server/container/pkg/shai/mounts.go:26.2,27.31 2 1
github.com/divisive-ai/vibethis/server/container/pkg/shai/mounts.go:27.31,32.41 2 1
github.com/divisive-ai/vibethis/server/container/pkg/shai/mounts.go:32.41,34.4 1 1
github.com/divisive-ai/vibethis/server/container/pkg/shai/mounts.go:37.3,38.46 2 1
github.com/divisive-ai/vibethis/server/container/pkg/shai/mounts.go:38.46,40.4 1 1
github.com/divisive-ai/vibethis/server/container/pkg/shai/mounts.go:42.3,42.49 1 1
github.com/divisive-ai/vibethis/server/container/pkg/shai/mounts.go:46.2,51.49 2 1
github.com/divisive-ai/vibethis/server/container/pkg/shai/mounts.go:51.49,53.3 1 1
github.com/divisive-ai/vibethis/server/container/pkg/shai/mounts.go:55.2,55.16 1 1
github.com/divisive-ai/vibethis/server/container/pkg/shai/mounts.go:60.52,73.42 2 1
github.com/divisive-ai/vibethis/server/container/pkg/shai/mounts.go:73.42,75.20 1 1
github.com/divisive-ai/vibethis/server/container/pkg/shai/mounts.go:75.20,78.4 1 1
github.com/divisive-ai/vibethis/server/container/pkg/shai/mounts.go:78.9,85.4 1 1
github.com/divisive-ai/vibethis/server/container/pkg/shai/mounts.go:88.2,88.15 1 1
github.com/divisive-ai/vibethis/server/container/pkg/shai/mounts.go:92.52,94.41 1 1
github.com/divisive-ai/vibethis/server/container/pkg/shai/mounts.go:94.41,95.42 1 1
github.com/divisive-ai/vibethis/server/container/pkg/shai/mounts.go:95.42,96.14 1 1
github.com/divisive-ai/vibethis/server/container/pkg/shai/mounts.go:96.14,97.13 1 1
github.com/divisive-ai/vibethis/server/container/pkg/shai/mounts.go:101.4,101.34 1 1
github.com/divisive-ai/vibethis/server/container/pkg/shai/mounts.go:101.34,103.5 1 1
github.com/divisive-ai/vibethis/server/container/pkg/shai/mounts.go:104.4,104.34 1 1
github.com/divisive-ai/vibethis/server/container/pkg/shai/mounts.go:104.34,106.5 1 0
github.com/divisive-ai/vibethis/server/container/pkg/shai/mounts.go:110.2,110.12 1 1
github.com/divisive-ai/vibethis/server/container/pkg/shai/mounts.go:114.46,116.19 1 1
github.com/divisive-ai/vibethis/server/container/pkg/shai/mounts.go:116.19,118.3 1 1
github.com/divisive-ai/vibethis/server/container/pkg/shai/mounts.go:121.2,125.60 3 1
github.com/divisive-ai/vibethis/server/container/pkg/shai/mounts.go:125.60,127.3 1 1
github.com/divisive-ai/vibethis/server/container/pkg/shai/mounts.go:130.2,130.41 1 1
github.com/divisive-ai/vibethis/server/container/pkg/shai/mounts.go:134.53,144.42 3 1
github.com/divisive-ai/vibethis/server/container/pkg/shai/mounts.go:144.42,145.20 1 1
github.com/divisive-ai/vibethis/server/container/pkg/shai/mounts.go:145.20,151.4 1 0
github.com/divisive-ai/vibethis/server/container/pkg/shai/mounts.go:151.9,157.4 1 1
github.com/divisive-ai/vibethis/server/container/pkg/shai/mounts.go:160.2,160.21 1 1
github.com/divisive-ai/vibethis/server/container/pkg/shai/progress.go:29.46,31.2 1 1
github.com/divisive-ai/vibethis/server/container/pkg/shai/progress.go:34.61,36.2 1 1
github.com/divisive-ai/vibethis/server/container/pkg/shai/progress.go:39.64,40.23 1 1
github.com/divisive-ai/vibethis/server/container/pkg/shai/progress.go:40.23,42.3 1 1
github.com/divisive-ai/vibethis/server/container/pkg/shai/progress.go:46.93,48.29 2 1
github.com/divisive-ai/vibethis/server/container/pkg/shai/progress.go:48.29,50.3 1 1
github.com/divisive-ai/vibethis/server/container/pkg/shai/progress.go:51.2,51.26 1 1
github.com/divisive-ai/vibethis/server/container/pkg/shai/progress.go:55.81,59.40 3 1
github.com/divisive-ai/vibethis/server/container/pkg/shai/progress.go:59.40,60.30 1 1
github.com/divisive-ai/vibethis/server/container/pkg/shai/progress.go:60.30,62.4 1 1
github.com/divisive-ai/vibethis/server/container/pkg/shai/progress.go:63.3,63.56 1 1
github.com/divisive-ai/vibethis/server/container/pkg/shai/progress.go:68.93,74.16 4 1
github.com/divisive-ai/vibethis/server/container/pkg/shai/progress.go:74.16,77.3 2 1
github.com/divisive-ai/vibethis/server/container/pkg/shai/progress.go:79.2,80.12 2 1
github.com/divisive-ai/vibethis/server/container/pkg/shai/runner.go:32.69,34.29 1 0
github.com/divisive-ai/vibethis/server/container/pkg/shai/runner.go:34.29,36.17 2 0
github.com/divisive-ai/vibethis/server/container/pkg/shai/runner.go:36.17,38.4 1 0
github.com/divisive-ai/vibethis/server/container/pkg/shai/runner.go:39.3,39.25 1 0
github.com/divisive-ai/vibethis/server/container/pkg/shai/runner.go:43.2,44.44 2 0
github.com/divisive-ai/vibethis/server/container/pkg/shai/runner.go:44.44,47.45 2 0
github.com/divisive-ai/vibethis/server/container/pkg/shai/runner.go:47.45,49.4 1 0
github.com/divisive-ai/vibethis/server/container/pkg/shai/runner.go:53.2,54.16 2 0
github.com/divisive-ai/vibethis/server/container/pkg/shai/runner.go:54.16,56.3 1 0
github.com/divisive-ai/vibethis/server/container/pkg/shai/runner.go:58.2,64.8 1 0
github.com/divisive-ai/vibethis/server/container/pkg/shai/runner.go:68.50,70.2 1 0
github.com/divisive-ai/vibethis/server/container/pkg/shai/runner.go:73.70,86.16 4 0
github.com/divisive-ai/vibethis/server/container/pkg/shai/runner.go:86.16,88.3 1 0
github.com/divisive-ai/vibethis/server/container/pkg/shai/runner.go:90.2,94.16 3 0
github.com/divisive-ai/vibethis/server/container/pkg/shai/runner.go:94.16,96.3 1 0
github.com/divisive-ai/vibethis/server/container/pkg/shai/runner.go:98.2,102.16 3 0
github.com/divisive-ai/vibethis/server/container/pkg/shai/runner.go:102.16,104.3 1 0
github.com/divisive-ai/vibethis/server/container/pkg/shai/runner.go:106.2,106.18 1 0
github.com/divisive-ai/vibethis/server/container/pkg/shai/runner.go:110.83,114.9 1 0
github.com/divisive-ai/vibethis/server/container/pkg/shai/runner.go:114.9,116.3 1 0
github.com/divisive-ai/vibethis/server/container/pkg/shai/runner.go:117.2,117.70 1 0
github.com/divisive-ai/vibethis/server/container/pkg/shai/runner.go:121.32,123.62 1 0
github.com/divisive-ai/vibethis/server/container/pkg/shai/runner.go:123.62,125.3 1 0
github.com/divisive-ai/vibethis/server/container/pkg/shai/runner.go:126.2,126.12 1 0
